2 3 7 0 0 0 0 0 0 0 
2 3 7 0 0 0 0 0 0 0 
3 3 7 0 0 0 0 0 0 0 
3 4 7 0 0 0 0 0 0 0 
3 4 7 1 0 0 0 0 0 0 
3 4 7 1 0 0 0 0 0 0 
3 4 7 1 0 0 0 0 0 0 
4 4 7 1 0 0 0 0 0 0 
4 5 7 1 0 0 0 0 0 0 
4 5 7 2 0 0 0 0 0 0 
4 5 7 2 0 0 0 0 0 0 
4 5 7 2 0 0 0 0 0 0 
5 5 7 2 0 0 0 0 0 0 
5 6 7 2 0 0 0 0 0 0 
5 6 7 3 0 0 0 0 0 0 
5 6 7 3 0 0 0 0 0 0 
5 6 7 3 0 0 0 0 0 0 
6 6 7 3 0 0 0 0 0 0 
6 7 7 3 0 0 0 0 0 0 
6 7 7 4 0 0 0 0 0 0 
6 7 7 4 0 0 0 0 0 0 
6 7 7 4 0 0 0 0 0 0 
7 7 7 4 0 0 0 0 0 0 
7 8 7 4 0 0 0 0 0 0 
7 8 7 5 0 0 0 0 0 0 
7 8 7 5 0 0 0 0 0 0 
7 8 7 5 0 0 0 0 0 0 
8 8 7 5 0 0 0 0 0 0 
8 9 7 5 0 0 0 0 0 0 
8 9 7 6 0 0 0 0 0 0 
8 9 7 6 0 0 0 0 0 0 
8 9 7 6 0 0 0 0 0 0 
9 9 7 6 0 0 0 0 0 0 
9 10 7 6 0 0 0 0 0 0 
9 10 7 7 0 0 0 0 0 0 
9 10 7 7 0 0 0 0 0 0 
9 10 7 7 0 0 0 0 0 0 
9 10 7 7 0 0 0 0 0 0 
10 10 7 7 0 0 0 0 0 0 
10 10 7 8 0 0 0 0 0 0 
10 10 7 8 0 0 0 0 0 0 
10 10 7 8 0 0 0 0 0 0 
11 10 7 8 0 0 0 0 0 0 
11 10 7 9 0 0 0 0 0 0 
11 10 7 9 0 0 0 0 0 0 
11 10 7 9 0 0 0 0 0 0 
12 10 7 9 0 0 0 0 0 0 
12 10 7 10 0 0 0 0 0 0 
12 10 7 10 0 0 0 0 0 0 
12 10 7 10 0 0 0 0 0 0 
12 10 7 10 0 0 0 0 0 0 
12 10 8 10 0 0 0 0 0 0 
12 10 8 11 0 0 0 0 0 0 
12 10 8 11 0 0 0 0 0 0 
12 10 8 11 0 0 0 0 0 0 
12 10 9 11 0 0 0 0 0 0 
12 10 9 12 0 0 0 0 0 0 
12 10 9 12 0 0 0 0 0 0 
12 10 9 12 0 0 0 0 0 0 
12 10 10 12 0 0 0 0 0 0 
12 10 10 13 0 0 0 0 0 0 
12 10 10 13 0 0 0 0 0 0 
12 10 10 13 0 0 0 0 0 0 
12 10 11 13 0 0 0 0 0 0 
12 10 11 14 0 0 0 0 0 0 
12 10 11 14 0 0 0 0 0 0 
12 10 11 14 0 0 0 0 0 0 
12 10 12 14 0 0 0 0 0 0 
12 10 12 15 0 0 0 0 0 0 
12 10 12 15 0 0 0 0 0 0 
12 10 12 15 0 0 0 0 0 0 
15 10 12 15 0 0 0 0 0 0 
15 0 12 15 0 0 0 0 0 0 
15 0 0 15 0 0 0 0 0 0 
15 0 0 0 0 0 0 0 0 0 
